{"level":"info","message":"Server is running on http://localhost:3001","timestamp":"2025-08-04T06:37:19.757Z"}
{"level":"info","message":"Inngest endpoint is available at http://localhost:3001/api/inngest","timestamp":"2025-08-04T06:37:19.760Z"}
{"level":"info","message":"Server is running on http://localhost:3001","timestamp":"2025-08-04T06:37:56.994Z"}
{"level":"info","message":"Inngest endpoint is available at http://localhost:3001/api/inngest","timestamp":"2025-08-04T06:37:56.997Z"}
{"level":"info","message":"Server is running on http://localhost:3001","timestamp":"2025-08-04T06:38:00.380Z"}
{"level":"info","message":"Inngest endpoint is available at http://localhost:3001/api/inngest","timestamp":"2025-08-04T06:38:00.382Z"}
{"level":"info","message":"Server is running on http://localhost:3001","timestamp":"2025-08-04T06:38:21.084Z"}
{"level":"info","message":"Inngest endpoint is available at http://localhost:3001/api/inngest","timestamp":"2025-08-04T06:38:21.087Z"}
{"level":"info","message":"Server is running on http://localhost:3001","timestamp":"2025-08-04T06:38:22.604Z"}
{"level":"info","message":"Inngest endpoint is available at http://localhost:3001/api/inngest","timestamp":"2025-08-04T06:38:22.607Z"}
{"level":"info","message":"Server is running on http://localhost:3001","timestamp":"2025-08-04T06:38:49.096Z"}
{"level":"info","message":"Inngest endpoint is available at http://localhost:3001/api/inngest","timestamp":"2025-08-04T06:38:49.099Z"}
{"level":"info","message":"Server is running on http://localhost:3001","timestamp":"2025-08-04T06:42:34.037Z"}
{"level":"info","message":"Inngest endpoint is available at http://localhost:3001/api/inngest","timestamp":"2025-08-04T06:42:34.040Z"}
{"level":"info","message":"Server is running on http://localhost:3001","timestamp":"2025-08-04T06:42:35.701Z"}
{"level":"info","message":"Inngest endpoint is available at http://localhost:3001/api/inngest","timestamp":"2025-08-04T06:42:35.704Z"}
{"level":"info","message":"Server is running on http://localhost:3001","timestamp":"2025-08-04T06:43:06.578Z"}
{"level":"info","message":"Inngest endpoint is available at http://localhost:3001/api/inngest","timestamp":"2025-08-04T06:43:06.580Z"}
{"level":"info","message":"Server is running on http://localhost:3001","timestamp":"2025-08-04T06:47:40.030Z"}
{"level":"info","message":"Inngest endpoint is available at http://localhost:3001/api/inngest","timestamp":"2025-08-04T06:47:40.032Z"}
{"level":"info","message":"Server is running on http://localhost:3001","timestamp":"2025-08-04T06:48:19.915Z"}
{"level":"info","message":"Inngest endpoint is available at http://localhost:3001/api/inngest","timestamp":"2025-08-04T06:48:19.918Z"}
{"level":"info","message":"Server is running on http://localhost:3001","timestamp":"2025-08-04T06:48:30.022Z"}
{"level":"info","message":"Inngest endpoint is available at http://localhost:3001/api/inngest","timestamp":"2025-08-04T06:48:30.025Z"}
{"level":"info","message":"Server is running on http://localhost:3001","timestamp":"2025-08-04T06:48:37.493Z"}
{"level":"info","message":"Inngest endpoint is available at http://localhost:3001/api/inngest","timestamp":"2025-08-04T06:48:37.497Z"}
{"level":"info","message":"Server is running on http://localhost:3001","timestamp":"2025-08-04T06:49:03.997Z"}
{"level":"info","message":"Inngest endpoint is available at http://localhost:3001/api/inngest","timestamp":"2025-08-04T06:49:03.999Z"}
{"level":"info","message":"Server is running on http://localhost:3001","timestamp":"2025-08-04T06:49:16.881Z"}
{"level":"info","message":"Inngest endpoint is available at http://localhost:3001/api/inngest","timestamp":"2025-08-04T06:49:16.884Z"}
{"level":"info","message":"Server is running on http://localhost:3001","timestamp":"2025-08-04T06:49:45.718Z"}
{"level":"info","message":"Inngest endpoint is available at http://localhost:3001/api/inngest","timestamp":"2025-08-04T06:49:45.721Z"}
{"level":"info","message":"Connected to MongoDB Atlas","timestamp":"2025-08-04T07:10:28.522Z"}
{"level":"info","message":"Server is running on http://localhost:3001","timestamp":"2025-08-04T07:10:28.526Z"}
{"level":"info","message":"Inngest endpoint is available at http://localhost:3001/api/inngest","timestamp":"2025-08-04T07:10:28.527Z"}
{"level":"info","message":"Connected to MongoDB Atlas","timestamp":"2025-08-04T07:10:34.645Z"}
{"level":"info","message":"Server is running on http://localhost:3001","timestamp":"2025-08-04T07:10:34.650Z"}
{"level":"info","message":"Inngest endpoint is available at http://localhost:3001/api/inngest","timestamp":"2025-08-04T07:10:34.651Z"}
{"level":"info","message":"Connected to MongoDB Atlas","timestamp":"2025-08-04T07:10:37.384Z"}
{"level":"info","message":"Server is running on http://localhost:3001","timestamp":"2025-08-04T07:10:37.389Z"}
{"level":"info","message":"Inngest endpoint is available at http://localhost:3001/api/inngest","timestamp":"2025-08-04T07:10:37.390Z"}
{"beforeHandshake":false,"cause":{"code":"ERR_SSL_TLSV1_ALERT_INTERNAL_ERROR","library":"SSL routines","reason":"tlsv1 alert internal error"},"connectionGeneration":0,"errorLabelSet":{},"level":"error","message":"MongoDB connection error: E8590000:error:0A000438:SSL routines:ssl3_read_bytes:tlsv1 alert internal error:c:\\ws\\deps\\openssl\\openssl\\ssl\\record\\rec_layer_s3.c:1605:SSL alert number 80\n","stack":"MongoNetworkError: E8590000:error:0A000438:SSL routines:ssl3_read_bytes:tlsv1 alert internal error:c:\\ws\\deps\\openssl\\openssl\\ssl\\record\\rec_layer_s3.c:1605:SSL alert number 80\n\n    at TLSSocket.<anonymous> (C:\\CODING\\WebDev\\ai-therapist\\backend\\node_modules\\mongodb\\src\\cmap\\connect.ts:395:16)\n    at Object.onceWrapper (node:events:639:26)\n    at TLSSocket.emit (node:events:524:28)\n    at TLSSocket.emit (node:domain:489:12)\n    at emitErrorNT (node:internal/streams/destroy:170:8)\n    at emitErrorCloseNT (node:internal/streams/destroy:129:3)\n    at processTicksAndRejections (node:internal/process/task_queues:90:21)","timestamp":"2025-08-04T07:12:44.456Z"}
{"level":"info","message":"Connected to MongoDB Atlas","timestamp":"2025-08-04T07:14:43.306Z"}
{"level":"info","message":"Server is running on http://localhost:3001","timestamp":"2025-08-04T07:14:43.311Z"}
{"level":"info","message":"Inngest endpoint is available at http://localhost:3001/api/inngest","timestamp":"2025-08-04T07:14:43.311Z"}
{"level":"info","message":"Connected to MongoDB Atlas","timestamp":"2025-08-04T07:15:01.750Z"}
{"level":"info","message":"Server is running on http://localhost:3001","timestamp":"2025-08-04T07:15:01.754Z"}
{"level":"info","message":"Inngest endpoint is available at http://localhost:3001/api/inngest","timestamp":"2025-08-04T07:15:01.754Z"}
{"level":"info","message":"Connected to MongoDB Atlas","timestamp":"2025-08-04T07:15:26.065Z"}
{"level":"info","message":"Server is running on http://localhost:3001","timestamp":"2025-08-04T07:15:26.069Z"}
{"level":"info","message":"Inngest endpoint is available at http://localhost:3001/api/inngest","timestamp":"2025-08-04T07:15:26.070Z"}
{"level":"info","message":"Connected to MongoDB Atlas","timestamp":"2025-08-04T07:15:45.300Z"}
{"level":"info","message":"Server is running on http://localhost:3001","timestamp":"2025-08-04T07:15:45.306Z"}
{"level":"info","message":"Inngest endpoint is available at http://localhost:3001/api/inngest","timestamp":"2025-08-04T07:15:45.307Z"}
{"level":"info","message":"Connected to MongoDB Atlas","timestamp":"2025-08-04T07:15:55.923Z"}
{"level":"info","message":"Server is running on http://localhost:3001","timestamp":"2025-08-04T07:15:55.927Z"}
{"level":"info","message":"Inngest endpoint is available at http://localhost:3001/api/inngest","timestamp":"2025-08-04T07:15:55.928Z"}
{"level":"info","message":"Connected to MongoDB Atlas","timestamp":"2025-08-04T07:16:00.015Z"}
{"level":"info","message":"Server is running on http://localhost:3001","timestamp":"2025-08-04T07:16:00.019Z"}
{"level":"info","message":"Inngest endpoint is available at http://localhost:3001/api/inngest","timestamp":"2025-08-04T07:16:00.019Z"}
{"level":"info","message":"Connected to MongoDB Atlas","timestamp":"2025-08-04T07:16:12.838Z"}
{"level":"info","message":"Server is running on http://localhost:3001","timestamp":"2025-08-04T07:16:12.842Z"}
{"level":"info","message":"Inngest endpoint is available at http://localhost:3001/api/inngest","timestamp":"2025-08-04T07:16:12.842Z"}
{"level":"info","message":"Connected to MongoDB Atlas","timestamp":"2025-08-04T07:16:19.076Z"}
{"level":"info","message":"Server is running on http://localhost:3001","timestamp":"2025-08-04T07:16:19.080Z"}
{"level":"info","message":"Inngest endpoint is available at http://localhost:3001/api/inngest","timestamp":"2025-08-04T07:16:19.081Z"}
{"level":"info","message":"Connected to MongoDB Atlas","timestamp":"2025-08-04T07:16:26.483Z"}
{"level":"info","message":"Server is running on http://localhost:3001","timestamp":"2025-08-04T07:16:26.488Z"}
{"level":"info","message":"Inngest endpoint is available at http://localhost:3001/api/inngest","timestamp":"2025-08-04T07:16:26.488Z"}
{"level":"info","message":"Connected to MongoDB Atlas","timestamp":"2025-08-04T07:20:40.043Z"}
{"level":"info","message":"Server is running on http://localhost:3001","timestamp":"2025-08-04T07:20:40.046Z"}
{"level":"info","message":"Inngest endpoint is available at http://localhost:3001/api/inngest","timestamp":"2025-08-04T07:20:40.047Z"}
{"level":"info","message":"Connected to MongoDB Atlas","timestamp":"2025-08-04T07:20:47.651Z"}
{"level":"info","message":"Server is running on http://localhost:3001","timestamp":"2025-08-04T07:20:47.657Z"}
{"level":"info","message":"Inngest endpoint is available at http://localhost:3001/api/inngest","timestamp":"2025-08-04T07:20:47.658Z"}
{"level":"info","message":"Connected to MongoDB Atlas","timestamp":"2025-08-04T07:20:53.876Z"}
{"level":"info","message":"Server is running on http://localhost:3001","timestamp":"2025-08-04T07:20:53.880Z"}
{"level":"info","message":"Inngest endpoint is available at http://localhost:3001/api/inngest","timestamp":"2025-08-04T07:20:53.881Z"}
{"level":"info","message":"Connected to MongoDB Atlas","timestamp":"2025-08-04T07:20:59.896Z"}
{"level":"info","message":"Server is running on http://localhost:3001","timestamp":"2025-08-04T07:20:59.900Z"}
{"level":"info","message":"Inngest endpoint is available at http://localhost:3001/api/inngest","timestamp":"2025-08-04T07:20:59.901Z"}
{"level":"info","message":"Connected to MongoDB Atlas","timestamp":"2025-08-04T07:21:07.113Z"}
{"level":"info","message":"Server is running on http://localhost:3001","timestamp":"2025-08-04T07:21:07.120Z"}
{"level":"info","message":"Inngest endpoint is available at http://localhost:3001/api/inngest","timestamp":"2025-08-04T07:21:07.121Z"}
{"level":"info","message":"Connected to MongoDB Atlas","timestamp":"2025-08-04T07:21:12.115Z"}
{"level":"info","message":"Server is running on http://localhost:3001","timestamp":"2025-08-04T07:21:12.119Z"}
{"level":"info","message":"Inngest endpoint is available at http://localhost:3001/api/inngest","timestamp":"2025-08-04T07:21:12.119Z"}
{"level":"info","message":"Connected to MongoDB Atlas","timestamp":"2025-08-04T07:21:17.442Z"}
{"level":"info","message":"Server is running on http://localhost:3001","timestamp":"2025-08-04T07:21:17.446Z"}
{"level":"info","message":"Inngest endpoint is available at http://localhost:3001/api/inngest","timestamp":"2025-08-04T07:21:17.447Z"}
{"level":"info","message":"Connected to MongoDB Atlas","timestamp":"2025-08-04T07:21:20.845Z"}
{"level":"info","message":"Server is running on http://localhost:3001","timestamp":"2025-08-04T07:21:20.849Z"}
{"level":"info","message":"Inngest endpoint is available at http://localhost:3001/api/inngest","timestamp":"2025-08-04T07:21:20.849Z"}
{"level":"info","message":"Connected to MongoDB Atlas","timestamp":"2025-08-04T07:21:27.878Z"}
{"level":"info","message":"Server is running on http://localhost:3001","timestamp":"2025-08-04T07:21:27.882Z"}
{"level":"info","message":"Inngest endpoint is available at http://localhost:3001/api/inngest","timestamp":"2025-08-04T07:21:27.882Z"}
{"level":"info","message":"Connected to MongoDB Atlas","timestamp":"2025-08-04T07:21:32.081Z"}
{"level":"info","message":"Server is running on http://localhost:3001","timestamp":"2025-08-04T07:21:32.086Z"}
{"level":"info","message":"Inngest endpoint is available at http://localhost:3001/api/inngest","timestamp":"2025-08-04T07:21:32.087Z"}
{"level":"info","message":"Connected to MongoDB Atlas","timestamp":"2025-08-04T07:21:36.298Z"}
{"level":"info","message":"Server is running on http://localhost:3001","timestamp":"2025-08-04T07:21:36.302Z"}
{"level":"info","message":"Inngest endpoint is available at http://localhost:3001/api/inngest","timestamp":"2025-08-04T07:21:36.303Z"}
{"level":"info","message":"Connected to MongoDB Atlas","timestamp":"2025-08-04T07:21:42.960Z"}
{"level":"info","message":"Server is running on http://localhost:3001","timestamp":"2025-08-04T07:21:42.966Z"}
{"level":"info","message":"Inngest endpoint is available at http://localhost:3001/api/inngest","timestamp":"2025-08-04T07:21:42.967Z"}
{"level":"info","message":"Connected to MongoDB Atlas","timestamp":"2025-08-04T07:21:47.719Z"}
{"level":"info","message":"Server is running on http://localhost:3001","timestamp":"2025-08-04T07:21:47.724Z"}
{"level":"info","message":"Inngest endpoint is available at http://localhost:3001/api/inngest","timestamp":"2025-08-04T07:21:47.725Z"}
{"level":"info","message":"Connected to MongoDB Atlas","timestamp":"2025-08-04T07:21:51.435Z"}
{"level":"info","message":"Server is running on http://localhost:3001","timestamp":"2025-08-04T07:21:51.440Z"}
{"level":"info","message":"Inngest endpoint is available at http://localhost:3001/api/inngest","timestamp":"2025-08-04T07:21:51.440Z"}
{"level":"info","message":"Connected to MongoDB Atlas","timestamp":"2025-08-04T07:21:58.499Z"}
{"level":"info","message":"Server is running on http://localhost:3001","timestamp":"2025-08-04T07:21:58.504Z"}
{"level":"info","message":"Inngest endpoint is available at http://localhost:3001/api/inngest","timestamp":"2025-08-04T07:21:58.505Z"}
{"level":"info","message":"Connected to MongoDB Atlas","timestamp":"2025-08-04T07:22:10.483Z"}
{"level":"info","message":"Server is running on http://localhost:3001","timestamp":"2025-08-04T07:22:10.488Z"}
{"level":"info","message":"Inngest endpoint is available at http://localhost:3001/api/inngest","timestamp":"2025-08-04T07:22:10.489Z"}
{"level":"info","message":"Connected to MongoDB Atlas","timestamp":"2025-08-04T07:22:14.554Z"}
{"level":"info","message":"Server is running on http://localhost:3001","timestamp":"2025-08-04T07:22:14.558Z"}
{"level":"info","message":"Inngest endpoint is available at http://localhost:3001/api/inngest","timestamp":"2025-08-04T07:22:14.559Z"}
{"level":"info","message":"Connected to MongoDB Atlas","timestamp":"2025-08-04T07:22:25.069Z"}
{"level":"info","message":"Server is running on http://localhost:3001","timestamp":"2025-08-04T07:22:25.074Z"}
{"level":"info","message":"Inngest endpoint is available at http://localhost:3001/api/inngest","timestamp":"2025-08-04T07:22:25.074Z"}
{"level":"info","message":"Connected to MongoDB Atlas","timestamp":"2025-08-04T07:22:30.039Z"}
{"level":"info","message":"Server is running on http://localhost:3001","timestamp":"2025-08-04T07:22:30.044Z"}
{"level":"info","message":"Inngest endpoint is available at http://localhost:3001/api/inngest","timestamp":"2025-08-04T07:22:30.044Z"}
{"level":"info","message":"Connected to MongoDB Atlas","timestamp":"2025-08-04T07:22:39.439Z"}
{"level":"info","message":"Server is running on http://localhost:3001","timestamp":"2025-08-04T07:22:39.443Z"}
{"level":"info","message":"Inngest endpoint is available at http://localhost:3001/api/inngest","timestamp":"2025-08-04T07:22:39.443Z"}
{"level":"info","message":"Connected to MongoDB Atlas","timestamp":"2025-08-04T07:22:50.685Z"}
{"level":"info","message":"Server is running on http://localhost:3001","timestamp":"2025-08-04T07:22:50.688Z"}
{"level":"info","message":"Inngest endpoint is available at http://localhost:3001/api/inngest","timestamp":"2025-08-04T07:22:50.689Z"}
{"level":"info","message":"Connected to MongoDB Atlas","timestamp":"2025-08-04T07:23:30.157Z"}
{"level":"info","message":"Server is running on http://localhost:3001","timestamp":"2025-08-04T07:23:30.162Z"}
{"level":"info","message":"Inngest endpoint is available at http://localhost:3001/api/inngest","timestamp":"2025-08-04T07:23:30.163Z"}
{"level":"info","message":"Connected to MongoDB Atlas","timestamp":"2025-08-04T07:23:35.778Z"}
{"level":"info","message":"Server is running on http://localhost:3001","timestamp":"2025-08-04T07:23:35.782Z"}
{"level":"info","message":"Inngest endpoint is available at http://localhost:3001/api/inngest","timestamp":"2025-08-04T07:23:35.782Z"}
{"level":"info","message":"Connected to MongoDB Atlas","timestamp":"2025-08-04T07:23:43.258Z"}
{"level":"info","message":"Server is running on http://localhost:3001","timestamp":"2025-08-04T07:23:43.262Z"}
{"level":"info","message":"Inngest endpoint is available at http://localhost:3001/api/inngest","timestamp":"2025-08-04T07:23:43.263Z"}
{"level":"info","message":"Connected to MongoDB Atlas","timestamp":"2025-08-04T07:23:56.357Z"}
{"level":"info","message":"Server is running on http://localhost:3001","timestamp":"2025-08-04T07:23:56.361Z"}
{"level":"info","message":"Inngest endpoint is available at http://localhost:3001/api/inngest","timestamp":"2025-08-04T07:23:56.362Z"}
{"level":"info","message":"Connected to MongoDB Atlas","timestamp":"2025-08-04T07:24:03.015Z"}
{"level":"info","message":"Server is running on http://localhost:3001","timestamp":"2025-08-04T07:24:03.019Z"}
{"level":"info","message":"Inngest endpoint is available at http://localhost:3001/api/inngest","timestamp":"2025-08-04T07:24:03.020Z"}
{"level":"info","message":"Connected to MongoDB Atlas","timestamp":"2025-08-04T07:24:10.277Z"}
{"level":"info","message":"Server is running on http://localhost:3001","timestamp":"2025-08-04T07:24:10.281Z"}
{"level":"info","message":"Inngest endpoint is available at http://localhost:3001/api/inngest","timestamp":"2025-08-04T07:24:10.281Z"}
{"level":"info","message":"Connected to MongoDB Atlas","timestamp":"2025-08-04T07:24:14.278Z"}
{"level":"info","message":"Server is running on http://localhost:3001","timestamp":"2025-08-04T07:24:14.282Z"}
{"level":"info","message":"Inngest endpoint is available at http://localhost:3001/api/inngest","timestamp":"2025-08-04T07:24:14.283Z"}
{"level":"info","message":"Connected to MongoDB Atlas","timestamp":"2025-08-04T07:24:19.811Z"}
{"level":"info","message":"Server is running on http://localhost:3001","timestamp":"2025-08-04T07:24:19.815Z"}
{"level":"info","message":"Inngest endpoint is available at http://localhost:3001/api/inngest","timestamp":"2025-08-04T07:24:19.816Z"}
{"level":"info","message":"Connected to MongoDB Atlas","timestamp":"2025-08-04T07:24:28.008Z"}
{"level":"info","message":"Server is running on http://localhost:3001","timestamp":"2025-08-04T07:24:28.013Z"}
{"level":"info","message":"Inngest endpoint is available at http://localhost:3001/api/inngest","timestamp":"2025-08-04T07:24:28.014Z"}
{"level":"info","message":"Connected to MongoDB Atlas","timestamp":"2025-08-04T07:24:41.034Z"}
{"level":"info","message":"Server is running on http://localhost:3001","timestamp":"2025-08-04T07:24:41.039Z"}
{"level":"info","message":"Inngest endpoint is available at http://localhost:3001/api/inngest","timestamp":"2025-08-04T07:24:41.040Z"}
{"level":"info","message":"Connected to MongoDB Atlas","timestamp":"2025-08-04T07:24:58.415Z"}
{"level":"info","message":"Server is running on http://localhost:3001","timestamp":"2025-08-04T07:24:58.419Z"}
{"level":"info","message":"Inngest endpoint is available at http://localhost:3001/api/inngest","timestamp":"2025-08-04T07:24:58.419Z"}
{"level":"info","message":"Connected to MongoDB Atlas","timestamp":"2025-08-04T07:25:01.795Z"}
{"level":"info","message":"Server is running on http://localhost:3001","timestamp":"2025-08-04T07:25:01.800Z"}
{"level":"info","message":"Inngest endpoint is available at http://localhost:3001/api/inngest","timestamp":"2025-08-04T07:25:01.801Z"}
{"level":"info","message":"Connected to MongoDB Atlas","timestamp":"2025-08-04T07:25:26.881Z"}
{"level":"info","message":"Server is running on http://localhost:3001","timestamp":"2025-08-04T07:25:26.887Z"}
{"level":"info","message":"Inngest endpoint is available at http://localhost:3001/api/inngest","timestamp":"2025-08-04T07:25:26.887Z"}
{"level":"info","message":"Connected to MongoDB Atlas","timestamp":"2025-08-04T07:25:30.672Z"}
{"level":"info","message":"Server is running on http://localhost:3001","timestamp":"2025-08-04T07:25:30.678Z"}
{"level":"info","message":"Inngest endpoint is available at http://localhost:3001/api/inngest","timestamp":"2025-08-04T07:25:30.678Z"}
{"level":"info","message":"Connected to MongoDB Atlas","timestamp":"2025-08-04T07:25:38.989Z"}
{"level":"info","message":"Server is running on http://localhost:3001","timestamp":"2025-08-04T07:25:38.993Z"}
{"level":"info","message":"Inngest endpoint is available at http://localhost:3001/api/inngest","timestamp":"2025-08-04T07:25:38.994Z"}
{"level":"info","message":"Connected to MongoDB Atlas","timestamp":"2025-08-04T07:25:46.336Z"}
{"level":"info","message":"Server is running on http://localhost:3001","timestamp":"2025-08-04T07:25:46.340Z"}
{"level":"info","message":"Inngest endpoint is available at http://localhost:3001/api/inngest","timestamp":"2025-08-04T07:25:46.341Z"}
{"level":"info","message":"Connected to MongoDB Atlas","timestamp":"2025-08-04T07:25:51.046Z"}
{"level":"info","message":"Server is running on http://localhost:3001","timestamp":"2025-08-04T07:25:51.050Z"}
{"level":"info","message":"Inngest endpoint is available at http://localhost:3001/api/inngest","timestamp":"2025-08-04T07:25:51.051Z"}
{"level":"info","message":"Connected to MongoDB Atlas","timestamp":"2025-08-04T07:26:01.401Z"}
{"level":"info","message":"Server is running on http://localhost:3001","timestamp":"2025-08-04T07:26:01.406Z"}
{"level":"info","message":"Inngest endpoint is available at http://localhost:3001/api/inngest","timestamp":"2025-08-04T07:26:01.406Z"}
{"level":"info","message":"Connected to MongoDB Atlas","timestamp":"2025-08-04T07:26:13.471Z"}
{"level":"info","message":"Server is running on http://localhost:3001","timestamp":"2025-08-04T07:26:13.475Z"}
{"level":"info","message":"Inngest endpoint is available at http://localhost:3001/api/inngest","timestamp":"2025-08-04T07:26:13.476Z"}
{"level":"info","message":"Connected to MongoDB Atlas","timestamp":"2025-08-04T07:26:21.481Z"}
{"level":"info","message":"Server is running on http://localhost:3001","timestamp":"2025-08-04T07:26:21.487Z"}
{"level":"info","message":"Inngest endpoint is available at http://localhost:3001/api/inngest","timestamp":"2025-08-04T07:26:21.487Z"}
{"level":"info","message":"Connected to MongoDB Atlas","timestamp":"2025-08-04T07:26:30.571Z"}
{"level":"info","message":"Server is running on http://localhost:3001","timestamp":"2025-08-04T07:26:30.575Z"}
{"level":"info","message":"Inngest endpoint is available at http://localhost:3001/api/inngest","timestamp":"2025-08-04T07:26:30.576Z"}
{"level":"info","message":"Connected to MongoDB Atlas","timestamp":"2025-08-04T07:26:33.861Z"}
{"level":"info","message":"Server is running on http://localhost:3001","timestamp":"2025-08-04T07:26:33.865Z"}
{"level":"info","message":"Inngest endpoint is available at http://localhost:3001/api/inngest","timestamp":"2025-08-04T07:26:33.866Z"}
{"level":"info","message":"Connected to MongoDB Atlas","timestamp":"2025-08-04T07:26:39.669Z"}
{"level":"info","message":"Server is running on http://localhost:3001","timestamp":"2025-08-04T07:26:39.674Z"}
{"level":"info","message":"Inngest endpoint is available at http://localhost:3001/api/inngest","timestamp":"2025-08-04T07:26:39.676Z"}
{"level":"info","message":"Connected to MongoDB Atlas","timestamp":"2025-08-04T07:26:46.548Z"}
{"level":"info","message":"Server is running on http://localhost:3001","timestamp":"2025-08-04T07:26:46.552Z"}
{"level":"info","message":"Inngest endpoint is available at http://localhost:3001/api/inngest","timestamp":"2025-08-04T07:26:46.553Z"}
{"level":"info","message":"Connected to MongoDB Atlas","timestamp":"2025-08-04T07:26:53.613Z"}
{"level":"info","message":"Server is running on http://localhost:3001","timestamp":"2025-08-04T07:26:53.618Z"}
{"level":"info","message":"Inngest endpoint is available at http://localhost:3001/api/inngest","timestamp":"2025-08-04T07:26:53.618Z"}
{"level":"info","message":"Connected to MongoDB Atlas","timestamp":"2025-08-04T07:26:59.664Z"}
{"level":"info","message":"Server is running on http://localhost:3001","timestamp":"2025-08-04T07:26:59.668Z"}
{"level":"info","message":"Inngest endpoint is available at http://localhost:3001/api/inngest","timestamp":"2025-08-04T07:26:59.669Z"}
{"level":"info","message":"Connected to MongoDB Atlas","timestamp":"2025-08-04T07:27:09.881Z"}
{"level":"info","message":"Server is running on http://localhost:3001","timestamp":"2025-08-04T07:27:09.886Z"}
{"level":"info","message":"Inngest endpoint is available at http://localhost:3001/api/inngest","timestamp":"2025-08-04T07:27:09.886Z"}
{"level":"info","message":"Connected to MongoDB Atlas","timestamp":"2025-08-04T07:27:19.635Z"}
{"level":"info","message":"Server is running on http://localhost:3001","timestamp":"2025-08-04T07:27:19.641Z"}
{"level":"info","message":"Inngest endpoint is available at http://localhost:3001/api/inngest","timestamp":"2025-08-04T07:27:19.641Z"}
{"level":"info","message":"Connected to MongoDB Atlas","timestamp":"2025-08-04T07:27:32.503Z"}
{"level":"info","message":"Server is running on http://localhost:3001","timestamp":"2025-08-04T07:27:32.507Z"}
{"level":"info","message":"Inngest endpoint is available at http://localhost:3001/api/inngest","timestamp":"2025-08-04T07:27:32.508Z"}
{"level":"info","message":"Connected to MongoDB Atlas","timestamp":"2025-08-04T07:27:40.104Z"}
{"level":"info","message":"Server is running on http://localhost:3001","timestamp":"2025-08-04T07:27:40.107Z"}
{"level":"info","message":"Inngest endpoint is available at http://localhost:3001/api/inngest","timestamp":"2025-08-04T07:27:40.108Z"}
{"level":"info","message":"Connected to MongoDB Atlas","timestamp":"2025-08-04T07:28:06.597Z"}
{"level":"info","message":"Server is running on http://localhost:3001","timestamp":"2025-08-04T07:28:06.601Z"}
{"level":"info","message":"Inngest endpoint is available at http://localhost:3001/api/inngest","timestamp":"2025-08-04T07:28:06.602Z"}
{"level":"info","message":"Connected to MongoDB Atlas","timestamp":"2025-08-04T07:28:16.843Z"}
{"level":"info","message":"Server is running on http://localhost:3001","timestamp":"2025-08-04T07:28:16.848Z"}
{"level":"info","message":"Inngest endpoint is available at http://localhost:3001/api/inngest","timestamp":"2025-08-04T07:28:16.848Z"}
{"level":"info","message":"Connected to MongoDB Atlas","timestamp":"2025-08-04T07:28:28.880Z"}
{"level":"info","message":"Server is running on http://localhost:3001","timestamp":"2025-08-04T07:28:28.884Z"}
{"level":"info","message":"Inngest endpoint is available at http://localhost:3001/api/inngest","timestamp":"2025-08-04T07:28:28.884Z"}
{"level":"info","message":"Connected to MongoDB Atlas","timestamp":"2025-08-04T07:28:35.395Z"}
{"level":"info","message":"Server is running on http://localhost:3001","timestamp":"2025-08-04T07:28:35.399Z"}
{"level":"info","message":"Inngest endpoint is available at http://localhost:3001/api/inngest","timestamp":"2025-08-04T07:28:35.400Z"}
{"level":"info","message":"Connected to MongoDB Atlas","timestamp":"2025-08-04T07:28:50.220Z"}
{"level":"info","message":"Server is running on http://localhost:3001","timestamp":"2025-08-04T07:28:50.225Z"}
{"level":"info","message":"Inngest endpoint is available at http://localhost:3001/api/inngest","timestamp":"2025-08-04T07:28:50.226Z"}
{"level":"info","message":"Connected to MongoDB Atlas","timestamp":"2025-08-04T07:29:09.196Z"}
{"level":"info","message":"Server is running on http://localhost:3001","timestamp":"2025-08-04T07:29:09.200Z"}
{"level":"info","message":"Inngest endpoint is available at http://localhost:3001/api/inngest","timestamp":"2025-08-04T07:29:09.200Z"}
{"level":"info","message":"Connected to MongoDB Atlas","timestamp":"2025-08-04T07:29:19.156Z"}
{"level":"info","message":"Server is running on http://localhost:3001","timestamp":"2025-08-04T07:29:19.160Z"}
{"level":"info","message":"Inngest endpoint is available at http://localhost:3001/api/inngest","timestamp":"2025-08-04T07:29:19.160Z"}
{"level":"info","message":"Connected to MongoDB Atlas","timestamp":"2025-08-04T07:29:25.403Z"}
{"level":"info","message":"Server is running on http://localhost:3001","timestamp":"2025-08-04T07:29:25.407Z"}
{"level":"info","message":"Inngest endpoint is available at http://localhost:3001/api/inngest","timestamp":"2025-08-04T07:29:25.408Z"}
{"level":"info","message":"Connected to MongoDB Atlas","timestamp":"2025-08-04T07:29:35.812Z"}
{"level":"info","message":"Server is running on http://localhost:3001","timestamp":"2025-08-04T07:29:35.817Z"}
{"level":"info","message":"Inngest endpoint is available at http://localhost:3001/api/inngest","timestamp":"2025-08-04T07:29:35.818Z"}
{"level":"info","message":"Connected to MongoDB Atlas","timestamp":"2025-08-04T07:29:47.498Z"}
{"level":"info","message":"Server is running on http://localhost:3001","timestamp":"2025-08-04T07:29:47.502Z"}
{"level":"info","message":"Inngest endpoint is available at http://localhost:3001/api/inngest","timestamp":"2025-08-04T07:29:47.503Z"}
{"level":"info","message":"Connected to MongoDB Atlas","timestamp":"2025-08-04T07:30:00.192Z"}
{"level":"info","message":"Server is running on http://localhost:3001","timestamp":"2025-08-04T07:30:00.197Z"}
{"level":"info","message":"Inngest endpoint is available at http://localhost:3001/api/inngest","timestamp":"2025-08-04T07:30:00.197Z"}
{"level":"info","message":"Connected to MongoDB Atlas","timestamp":"2025-08-04T07:30:08.990Z"}
{"level":"info","message":"Server is running on http://localhost:3001","timestamp":"2025-08-04T07:30:08.996Z"}
{"level":"info","message":"Inngest endpoint is available at http://localhost:3001/api/inngest","timestamp":"2025-08-04T07:30:08.996Z"}
{"level":"info","message":"Connected to MongoDB Atlas","timestamp":"2025-08-04T07:30:17.283Z"}
{"level":"info","message":"Server is running on http://localhost:3001","timestamp":"2025-08-04T07:30:17.287Z"}
{"level":"info","message":"Inngest endpoint is available at http://localhost:3001/api/inngest","timestamp":"2025-08-04T07:30:17.287Z"}
{"level":"info","message":"Connected to MongoDB Atlas","timestamp":"2025-08-04T07:30:24.152Z"}
{"level":"info","message":"Server is running on http://localhost:3001","timestamp":"2025-08-04T07:30:24.157Z"}
{"level":"info","message":"Inngest endpoint is available at http://localhost:3001/api/inngest","timestamp":"2025-08-04T07:30:24.157Z"}
{"level":"info","message":"Connected to MongoDB Atlas","timestamp":"2025-08-04T07:30:40.510Z"}
{"level":"info","message":"Server is running on http://localhost:3001","timestamp":"2025-08-04T07:30:40.514Z"}
{"level":"info","message":"Inngest endpoint is available at http://localhost:3001/api/inngest","timestamp":"2025-08-04T07:30:40.515Z"}
{"level":"info","message":"Connected to MongoDB Atlas","timestamp":"2025-08-04T07:30:51.643Z"}
{"level":"info","message":"Server is running on http://localhost:3001","timestamp":"2025-08-04T07:30:51.647Z"}
{"level":"info","message":"Inngest endpoint is available at http://localhost:3001/api/inngest","timestamp":"2025-08-04T07:30:51.648Z"}
{"level":"info","message":"Connected to MongoDB Atlas","timestamp":"2025-08-04T07:31:01.212Z"}
{"level":"info","message":"Server is running on http://localhost:3001","timestamp":"2025-08-04T07:31:01.216Z"}
{"level":"info","message":"Inngest endpoint is available at http://localhost:3001/api/inngest","timestamp":"2025-08-04T07:31:01.216Z"}
{"level":"info","message":"Connected to MongoDB Atlas","timestamp":"2025-08-04T07:31:05.412Z"}
{"level":"info","message":"Server is running on http://localhost:3001","timestamp":"2025-08-04T07:31:05.417Z"}
{"level":"info","message":"Inngest endpoint is available at http://localhost:3001/api/inngest","timestamp":"2025-08-04T07:31:05.417Z"}
{"level":"info","message":"Connected to MongoDB Atlas","timestamp":"2025-08-04T07:31:36.237Z"}
{"level":"info","message":"Server is running on http://localhost:3001","timestamp":"2025-08-04T07:31:36.242Z"}
{"level":"info","message":"Inngest endpoint is available at http://localhost:3001/api/inngest","timestamp":"2025-08-04T07:31:36.242Z"}
{"level":"info","message":"Connected to MongoDB Atlas","timestamp":"2025-08-04T07:31:43.196Z"}
{"level":"info","message":"Server is running on http://localhost:3001","timestamp":"2025-08-04T07:31:43.201Z"}
{"level":"info","message":"Inngest endpoint is available at http://localhost:3001/api/inngest","timestamp":"2025-08-04T07:31:43.201Z"}
{"level":"info","message":"Connected to MongoDB Atlas","timestamp":"2025-08-04T07:31:50.609Z"}
{"level":"info","message":"Server is running on http://localhost:3001","timestamp":"2025-08-04T07:31:50.613Z"}
{"level":"info","message":"Inngest endpoint is available at http://localhost:3001/api/inngest","timestamp":"2025-08-04T07:31:50.613Z"}
{"level":"info","message":"Connected to MongoDB Atlas","timestamp":"2025-08-04T07:32:13.602Z"}
{"level":"info","message":"Server is running on http://localhost:3001","timestamp":"2025-08-04T07:32:13.606Z"}
{"level":"info","message":"Inngest endpoint is available at http://localhost:3001/api/inngest","timestamp":"2025-08-04T07:32:13.606Z"}
{"level":"info","message":"Connected to MongoDB Atlas","timestamp":"2025-08-04T07:32:57.030Z"}
{"level":"info","message":"Server is running on http://localhost:3001","timestamp":"2025-08-04T07:32:57.035Z"}
{"level":"info","message":"Inngest endpoint is available at http://localhost:3001/api/inngest","timestamp":"2025-08-04T07:32:57.036Z"}
{"level":"info","message":"Connected to MongoDB Atlas","timestamp":"2025-08-04T07:32:59.954Z"}
{"level":"info","message":"Server is running on http://localhost:3001","timestamp":"2025-08-04T07:32:59.959Z"}
{"level":"info","message":"Inngest endpoint is available at http://localhost:3001/api/inngest","timestamp":"2025-08-04T07:32:59.960Z"}
{"level":"info","message":"Connected to MongoDB Atlas","timestamp":"2025-08-04T07:33:04.280Z"}
{"level":"info","message":"Server is running on http://localhost:3001","timestamp":"2025-08-04T07:33:04.284Z"}
{"level":"info","message":"Inngest endpoint is available at http://localhost:3001/api/inngest","timestamp":"2025-08-04T07:33:04.285Z"}
{"level":"info","message":"Connected to MongoDB Atlas","timestamp":"2025-08-04T07:33:17.009Z"}
{"level":"info","message":"Server is running on http://localhost:3001","timestamp":"2025-08-04T07:33:17.014Z"}
{"level":"info","message":"Inngest endpoint is available at http://localhost:3001/api/inngest","timestamp":"2025-08-04T07:33:17.015Z"}
{"level":"info","message":"Connected to MongoDB Atlas","timestamp":"2025-08-04T07:37:29.694Z"}
{"level":"info","message":"Server is running on http://localhost:3001","timestamp":"2025-08-04T07:37:29.698Z"}
{"level":"info","message":"Inngest endpoint is available at http://localhost:3001/api/inngest","timestamp":"2025-08-04T07:37:29.699Z"}
{"level":"info","message":"Connected to MongoDB Atlas","timestamp":"2025-08-04T07:37:35.700Z"}
{"level":"info","message":"Server is running on http://localhost:3001","timestamp":"2025-08-04T07:37:35.704Z"}
{"level":"info","message":"Inngest endpoint is available at http://localhost:3001/api/inngest","timestamp":"2025-08-04T07:37:35.705Z"}
{"level":"info","message":"Connected to MongoDB Atlas","timestamp":"2025-08-04T07:37:49.894Z"}
{"level":"info","message":"Server is running on http://localhost:3001","timestamp":"2025-08-04T07:37:49.898Z"}
{"level":"info","message":"Inngest endpoint is available at http://localhost:3001/api/inngest","timestamp":"2025-08-04T07:37:49.899Z"}
{"level":"info","message":"Connected to MongoDB Atlas","timestamp":"2025-08-04T07:38:02.430Z"}
{"level":"info","message":"Server is running on http://localhost:3001","timestamp":"2025-08-04T07:38:02.434Z"}
{"level":"info","message":"Inngest endpoint is available at http://localhost:3001/api/inngest","timestamp":"2025-08-04T07:38:02.434Z"}
{"level":"info","message":"Connected to MongoDB Atlas","timestamp":"2025-08-04T07:38:51.941Z"}
{"level":"info","message":"Server is running on http://localhost:3001","timestamp":"2025-08-04T07:38:51.947Z"}
{"level":"info","message":"Inngest endpoint is available at http://localhost:3001/api/inngest","timestamp":"2025-08-04T07:38:51.947Z"}
{"level":"info","message":"Connected to MongoDB Atlas","timestamp":"2025-08-04T07:39:44.550Z"}
{"level":"info","message":"Server is running on http://localhost:3001","timestamp":"2025-08-04T07:39:44.555Z"}
{"level":"info","message":"Inngest endpoint is available at http://localhost:3001/api/inngest","timestamp":"2025-08-04T07:39:44.555Z"}
{"level":"info","message":"Connected to MongoDB Atlas","timestamp":"2025-08-04T07:39:49.654Z"}
{"level":"info","message":"Server is running on http://localhost:3001","timestamp":"2025-08-04T07:39:49.658Z"}
{"level":"info","message":"Inngest endpoint is available at http://localhost:3001/api/inngest","timestamp":"2025-08-04T07:39:49.659Z"}
{"level":"info","message":"Connected to MongoDB Atlas","timestamp":"2025-08-04T07:39:54.812Z"}
{"level":"info","message":"Server is running on http://localhost:3001","timestamp":"2025-08-04T07:39:54.817Z"}
{"level":"info","message":"Inngest endpoint is available at http://localhost:3001/api/inngest","timestamp":"2025-08-04T07:39:54.818Z"}
{"level":"info","message":"Connected to MongoDB Atlas","timestamp":"2025-08-04T07:44:52.283Z"}
{"level":"info","message":"Server is running on http://localhost:3001","timestamp":"2025-08-04T07:44:52.288Z"}
{"level":"info","message":"Inngest endpoint is available at http://localhost:3001/api/inngest","timestamp":"2025-08-04T07:44:52.288Z"}
{"level":"info","message":"Connected to MongoDB Atlas","timestamp":"2025-08-04T07:45:02.180Z"}
{"level":"info","message":"Server is running on http://localhost:3001","timestamp":"2025-08-04T07:45:02.186Z"}
{"level":"info","message":"Inngest endpoint is available at http://localhost:3001/api/inngest","timestamp":"2025-08-04T07:45:02.186Z"}
{"level":"info","message":"Connected to MongoDB Atlas","timestamp":"2025-08-04T07:45:07.894Z"}
{"level":"info","message":"Server is running on http://localhost:3001","timestamp":"2025-08-04T07:45:07.899Z"}
{"level":"info","message":"Inngest endpoint is available at http://localhost:3001/api/inngest","timestamp":"2025-08-04T07:45:07.899Z"}
{"level":"info","message":"Connected to MongoDB Atlas","timestamp":"2025-08-04T07:45:17.782Z"}
{"level":"info","message":"Server is running on http://localhost:3001","timestamp":"2025-08-04T07:45:17.786Z"}
{"level":"info","message":"Inngest endpoint is available at http://localhost:3001/api/inngest","timestamp":"2025-08-04T07:45:17.787Z"}
{"level":"info","message":"Connected to MongoDB Atlas","timestamp":"2025-08-04T07:45:24.641Z"}
{"level":"info","message":"Server is running on http://localhost:3001","timestamp":"2025-08-04T07:45:24.645Z"}
{"level":"info","message":"Inngest endpoint is available at http://localhost:3001/api/inngest","timestamp":"2025-08-04T07:45:24.646Z"}
{"level":"info","message":"Connected to MongoDB Atlas","timestamp":"2025-08-04T07:45:31.300Z"}
{"level":"info","message":"Server is running on http://localhost:3001","timestamp":"2025-08-04T07:45:31.310Z"}
{"level":"info","message":"Inngest endpoint is available at http://localhost:3001/api/inngest","timestamp":"2025-08-04T07:45:31.310Z"}
{"level":"info","message":"Connected to MongoDB Atlas","timestamp":"2025-08-04T07:45:38.974Z"}
{"level":"info","message":"Server is running on http://localhost:3001","timestamp":"2025-08-04T07:45:38.980Z"}
{"level":"info","message":"Inngest endpoint is available at http://localhost:3001/api/inngest","timestamp":"2025-08-04T07:45:38.981Z"}
{"level":"info","message":"Connected to MongoDB Atlas","timestamp":"2025-08-04T07:46:19.532Z"}
{"level":"info","message":"Server is running on http://localhost:3001","timestamp":"2025-08-04T07:46:19.536Z"}
{"level":"info","message":"Inngest endpoint is available at http://localhost:3001/api/inngest","timestamp":"2025-08-04T07:46:19.537Z"}
{"level":"info","message":"Connected to MongoDB Atlas","timestamp":"2025-08-04T07:46:25.859Z"}
{"level":"info","message":"Server is running on http://localhost:3001","timestamp":"2025-08-04T07:46:25.864Z"}
{"level":"info","message":"Inngest endpoint is available at http://localhost:3001/api/inngest","timestamp":"2025-08-04T07:46:25.865Z"}
{"level":"info","message":"Connected to MongoDB Atlas","timestamp":"2025-08-04T07:46:31.914Z"}
{"level":"info","message":"Server is running on http://localhost:3001","timestamp":"2025-08-04T07:46:31.918Z"}
{"level":"info","message":"Inngest endpoint is available at http://localhost:3001/api/inngest","timestamp":"2025-08-04T07:46:31.919Z"}
{"level":"info","message":"Connected to MongoDB Atlas","timestamp":"2025-08-04T07:47:09.256Z"}
{"level":"info","message":"Server is running on http://localhost:3001","timestamp":"2025-08-04T07:47:09.260Z"}
{"level":"info","message":"Inngest endpoint is available at http://localhost:3001/api/inngest","timestamp":"2025-08-04T07:47:09.261Z"}
{"level":"info","message":"Connected to MongoDB Atlas","timestamp":"2025-08-04T07:47:16.814Z"}
{"level":"info","message":"Server is running on http://localhost:3001","timestamp":"2025-08-04T07:47:16.818Z"}
{"level":"info","message":"Inngest endpoint is available at http://localhost:3001/api/inngest","timestamp":"2025-08-04T07:47:16.819Z"}
{"level":"info","message":"Connected to MongoDB Atlas","timestamp":"2025-08-04T07:49:03.873Z"}
{"level":"info","message":"Server is running on http://localhost:3001","timestamp":"2025-08-04T07:49:03.878Z"}
{"level":"info","message":"Inngest endpoint is available at http://localhost:3001/api/inngest","timestamp":"2025-08-04T07:49:03.879Z"}
{"level":"info","message":"Connected to MongoDB Atlas","timestamp":"2025-08-04T07:49:07.667Z"}
{"level":"info","message":"Server is running on http://localhost:3001","timestamp":"2025-08-04T07:49:07.672Z"}
{"level":"info","message":"Inngest endpoint is available at http://localhost:3001/api/inngest","timestamp":"2025-08-04T07:49:07.672Z"}
{"level":"info","message":"Connected to MongoDB Atlas","timestamp":"2025-08-04T07:49:14.425Z"}
{"level":"info","message":"Server is running on http://localhost:3001","timestamp":"2025-08-04T07:49:14.429Z"}
{"level":"info","message":"Inngest endpoint is available at http://localhost:3001/api/inngest","timestamp":"2025-08-04T07:49:14.429Z"}
{"level":"info","message":"Connected to MongoDB Atlas","timestamp":"2025-08-04T07:49:20.158Z"}
{"level":"info","message":"Server is running on http://localhost:3001","timestamp":"2025-08-04T07:49:20.162Z"}
{"level":"info","message":"Inngest endpoint is available at http://localhost:3001/api/inngest","timestamp":"2025-08-04T07:49:20.163Z"}
{"level":"info","message":"Connected to MongoDB Atlas","timestamp":"2025-08-04T07:49:34.801Z"}
{"level":"info","message":"Server is running on http://localhost:3001","timestamp":"2025-08-04T07:49:34.806Z"}
{"level":"info","message":"Inngest endpoint is available at http://localhost:3001/api/inngest","timestamp":"2025-08-04T07:49:34.806Z"}
{"level":"info","message":"Connected to MongoDB Atlas","timestamp":"2025-08-04T07:49:40.741Z"}
{"level":"info","message":"Server is running on http://localhost:3001","timestamp":"2025-08-04T07:49:40.745Z"}
{"level":"info","message":"Inngest endpoint is available at http://localhost:3001/api/inngest","timestamp":"2025-08-04T07:49:40.746Z"}
{"level":"info","message":"Connected to MongoDB Atlas","timestamp":"2025-08-04T07:49:50.675Z"}
{"level":"info","message":"Server is running on http://localhost:3001","timestamp":"2025-08-04T07:49:50.681Z"}
{"level":"info","message":"Inngest endpoint is available at http://localhost:3001/api/inngest","timestamp":"2025-08-04T07:49:50.682Z"}
{"level":"info","message":"Connected to MongoDB Atlas","timestamp":"2025-08-04T07:49:56.919Z"}
{"level":"info","message":"Server is running on http://localhost:3001","timestamp":"2025-08-04T07:49:56.926Z"}
{"level":"info","message":"Inngest endpoint is available at http://localhost:3001/api/inngest","timestamp":"2025-08-04T07:49:56.927Z"}
{"level":"info","message":"Connected to MongoDB Atlas","timestamp":"2025-08-04T07:50:00.402Z"}
{"level":"info","message":"Server is running on http://localhost:3001","timestamp":"2025-08-04T07:50:00.407Z"}
{"level":"info","message":"Inngest endpoint is available at http://localhost:3001/api/inngest","timestamp":"2025-08-04T07:50:00.407Z"}
{"level":"info","message":"Connected to MongoDB Atlas","timestamp":"2025-08-04T07:50:13.409Z"}
{"level":"info","message":"Server is running on http://localhost:3001","timestamp":"2025-08-04T07:50:13.414Z"}
{"level":"info","message":"Inngest endpoint is available at http://localhost:3001/api/inngest","timestamp":"2025-08-04T07:50:13.414Z"}
{"level":"info","message":"Connected to MongoDB Atlas","timestamp":"2025-08-04T07:50:19.345Z"}
{"level":"info","message":"Server is running on http://localhost:3001","timestamp":"2025-08-04T07:50:19.352Z"}
{"level":"info","message":"Inngest endpoint is available at http://localhost:3001/api/inngest","timestamp":"2025-08-04T07:50:19.352Z"}
{"level":"info","message":"Connected to MongoDB Atlas","timestamp":"2025-08-04T07:50:26.516Z"}
{"level":"info","message":"Server is running on http://localhost:3001","timestamp":"2025-08-04T07:50:26.520Z"}
{"level":"info","message":"Inngest endpoint is available at http://localhost:3001/api/inngest","timestamp":"2025-08-04T07:50:26.521Z"}
{"level":"info","message":"Connected to MongoDB Atlas","timestamp":"2025-08-04T07:50:38.085Z"}
{"level":"info","message":"Server is running on http://localhost:3001","timestamp":"2025-08-04T07:50:38.089Z"}
{"level":"info","message":"Inngest endpoint is available at http://localhost:3001/api/inngest","timestamp":"2025-08-04T07:50:38.090Z"}
{"level":"info","message":"Connected to MongoDB Atlas","timestamp":"2025-08-04T07:50:54.365Z"}
{"level":"info","message":"Server is running on http://localhost:3001","timestamp":"2025-08-04T07:50:54.370Z"}
{"level":"info","message":"Inngest endpoint is available at http://localhost:3001/api/inngest","timestamp":"2025-08-04T07:50:54.371Z"}
{"level":"info","message":"Connected to MongoDB Atlas","timestamp":"2025-08-04T07:51:08.192Z"}
{"level":"info","message":"Server is running on http://localhost:3001","timestamp":"2025-08-04T07:51:08.198Z"}
{"level":"info","message":"Inngest endpoint is available at http://localhost:3001/api/inngest","timestamp":"2025-08-04T07:51:08.199Z"}
{"level":"info","message":"Connected to MongoDB Atlas","timestamp":"2025-08-04T07:51:13.787Z"}
{"level":"info","message":"Server is running on http://localhost:3001","timestamp":"2025-08-04T07:51:13.792Z"}
{"level":"info","message":"Inngest endpoint is available at http://localhost:3001/api/inngest","timestamp":"2025-08-04T07:51:13.793Z"}
{"level":"info","message":"Connected to MongoDB Atlas","timestamp":"2025-08-04T07:51:23.651Z"}
{"level":"info","message":"Server is running on http://localhost:3001","timestamp":"2025-08-04T07:51:23.657Z"}
{"level":"info","message":"Inngest endpoint is available at http://localhost:3001/api/inngest","timestamp":"2025-08-04T07:51:23.658Z"}
{"level":"info","message":"Connected to MongoDB Atlas","timestamp":"2025-08-04T07:51:28.334Z"}
{"level":"info","message":"Server is running on http://localhost:3001","timestamp":"2025-08-04T07:51:28.340Z"}
{"level":"info","message":"Inngest endpoint is available at http://localhost:3001/api/inngest","timestamp":"2025-08-04T07:51:28.341Z"}
{"level":"info","message":"Connected to MongoDB Atlas","timestamp":"2025-08-04T07:53:01.339Z"}
{"level":"info","message":"Server is running on http://localhost:3001","timestamp":"2025-08-04T07:53:01.344Z"}
{"level":"info","message":"Inngest endpoint is available at http://localhost:3001/api/inngest","timestamp":"2025-08-04T07:53:01.344Z"}
{"level":"info","message":"Connected to MongoDB Atlas","timestamp":"2025-08-04T07:53:06.356Z"}
{"level":"info","message":"Server is running on http://localhost:3001","timestamp":"2025-08-04T07:53:06.360Z"}
{"level":"info","message":"Inngest endpoint is available at http://localhost:3001/api/inngest","timestamp":"2025-08-04T07:53:06.360Z"}
{"level":"info","message":"Connected to MongoDB Atlas","timestamp":"2025-08-04T07:53:14.856Z"}
{"level":"info","message":"Server is running on http://localhost:3001","timestamp":"2025-08-04T07:53:14.861Z"}
{"level":"info","message":"Inngest endpoint is available at http://localhost:3001/api/inngest","timestamp":"2025-08-04T07:53:14.862Z"}
{"level":"info","message":"Connected to MongoDB Atlas","timestamp":"2025-08-04T07:53:25.303Z"}
{"level":"info","message":"Server is running on http://localhost:3001","timestamp":"2025-08-04T07:53:25.308Z"}
{"level":"info","message":"Inngest endpoint is available at http://localhost:3001/api/inngest","timestamp":"2025-08-04T07:53:25.309Z"}
{"level":"info","message":"Connected to MongoDB Atlas","timestamp":"2025-08-04T07:53:38.304Z"}
{"level":"info","message":"Server is running on http://localhost:3001","timestamp":"2025-08-04T07:53:38.308Z"}
{"level":"info","message":"Inngest endpoint is available at http://localhost:3001/api/inngest","timestamp":"2025-08-04T07:53:38.308Z"}
{"level":"info","message":"Connected to MongoDB Atlas","timestamp":"2025-08-04T07:53:43.014Z"}
{"level":"info","message":"Server is running on http://localhost:3001","timestamp":"2025-08-04T07:53:43.018Z"}
{"level":"info","message":"Inngest endpoint is available at http://localhost:3001/api/inngest","timestamp":"2025-08-04T07:53:43.019Z"}
{"level":"info","message":"Connected to MongoDB Atlas","timestamp":"2025-08-04T07:53:47.094Z"}
{"level":"info","message":"Server is running on http://localhost:3001","timestamp":"2025-08-04T07:53:47.098Z"}
{"level":"info","message":"Inngest endpoint is available at http://localhost:3001/api/inngest","timestamp":"2025-08-04T07:53:47.098Z"}
{"level":"info","message":"Connected to MongoDB Atlas","timestamp":"2025-08-04T07:54:00.422Z"}
{"level":"info","message":"Server is running on http://localhost:3001","timestamp":"2025-08-04T07:54:00.427Z"}
{"level":"info","message":"Inngest endpoint is available at http://localhost:3001/api/inngest","timestamp":"2025-08-04T07:54:00.427Z"}
{"level":"info","message":"Connected to MongoDB Atlas","timestamp":"2025-08-04T07:54:08.820Z"}
{"level":"info","message":"Server is running on http://localhost:3001","timestamp":"2025-08-04T07:54:08.826Z"}
{"level":"info","message":"Inngest endpoint is available at http://localhost:3001/api/inngest","timestamp":"2025-08-04T07:54:08.826Z"}
{"level":"info","message":"Connected to MongoDB Atlas","timestamp":"2025-08-04T07:54:14.195Z"}
{"level":"info","message":"Server is running on http://localhost:3001","timestamp":"2025-08-04T07:54:14.199Z"}
{"level":"info","message":"Inngest endpoint is available at http://localhost:3001/api/inngest","timestamp":"2025-08-04T07:54:14.199Z"}
{"level":"info","message":"Connected to MongoDB Atlas","timestamp":"2025-08-04T07:54:29.812Z"}
{"level":"info","message":"Server is running on http://localhost:3001","timestamp":"2025-08-04T07:54:29.816Z"}
{"level":"info","message":"Inngest endpoint is available at http://localhost:3001/api/inngest","timestamp":"2025-08-04T07:54:29.816Z"}
{"level":"info","message":"Connected to MongoDB Atlas","timestamp":"2025-08-04T07:54:41.587Z"}
{"level":"info","message":"Server is running on http://localhost:3001","timestamp":"2025-08-04T07:54:41.591Z"}
{"level":"info","message":"Inngest endpoint is available at http://localhost:3001/api/inngest","timestamp":"2025-08-04T07:54:41.591Z"}
{"level":"info","message":"Connected to MongoDB Atlas","timestamp":"2025-08-04T07:54:47.014Z"}
{"level":"info","message":"Server is running on http://localhost:3001","timestamp":"2025-08-04T07:54:47.018Z"}
{"level":"info","message":"Inngest endpoint is available at http://localhost:3001/api/inngest","timestamp":"2025-08-04T07:54:47.019Z"}
{"level":"info","message":"Connected to MongoDB Atlas","timestamp":"2025-08-04T07:54:52.141Z"}
{"level":"info","message":"Server is running on http://localhost:3001","timestamp":"2025-08-04T07:54:52.147Z"}
{"level":"info","message":"Inngest endpoint is available at http://localhost:3001/api/inngest","timestamp":"2025-08-04T07:54:52.147Z"}
{"level":"info","message":"Connected to MongoDB Atlas","timestamp":"2025-08-04T07:54:58.894Z"}
{"level":"info","message":"Server is running on http://localhost:3001","timestamp":"2025-08-04T07:54:58.899Z"}
{"level":"info","message":"Inngest endpoint is available at http://localhost:3001/api/inngest","timestamp":"2025-08-04T07:54:58.899Z"}
{"level":"info","message":"Connected to MongoDB Atlas","timestamp":"2025-08-04T07:55:08.929Z"}
{"level":"info","message":"Server is running on http://localhost:3001","timestamp":"2025-08-04T07:55:08.934Z"}
{"level":"info","message":"Inngest endpoint is available at http://localhost:3001/api/inngest","timestamp":"2025-08-04T07:55:08.935Z"}
{"level":"info","message":"Connected to MongoDB Atlas","timestamp":"2025-08-04T07:55:25.998Z"}
{"level":"info","message":"Server is running on http://localhost:3001","timestamp":"2025-08-04T07:55:26.003Z"}
{"level":"info","message":"Inngest endpoint is available at http://localhost:3001/api/inngest","timestamp":"2025-08-04T07:55:26.003Z"}
{"level":"info","message":"Connected to MongoDB Atlas","timestamp":"2025-08-04T07:55:38.610Z"}
{"level":"info","message":"Server is running on http://localhost:3001","timestamp":"2025-08-04T07:55:38.614Z"}
{"level":"info","message":"Inngest endpoint is available at http://localhost:3001/api/inngest","timestamp":"2025-08-04T07:55:38.615Z"}
{"level":"info","message":"Connected to MongoDB Atlas","timestamp":"2025-08-04T07:55:43.717Z"}
{"level":"info","message":"Server is running on http://localhost:3001","timestamp":"2025-08-04T07:55:43.722Z"}
{"level":"info","message":"Inngest endpoint is available at http://localhost:3001/api/inngest","timestamp":"2025-08-04T07:55:43.723Z"}
{"level":"info","message":"Connected to MongoDB Atlas","timestamp":"2025-08-04T07:55:57.978Z"}
{"level":"info","message":"Server is running on http://localhost:3001","timestamp":"2025-08-04T07:55:57.983Z"}
{"level":"info","message":"Inngest endpoint is available at http://localhost:3001/api/inngest","timestamp":"2025-08-04T07:55:57.984Z"}
{"level":"info","message":"Connected to MongoDB Atlas","timestamp":"2025-08-04T07:56:03.509Z"}
{"level":"info","message":"Server is running on http://localhost:3001","timestamp":"2025-08-04T07:56:03.514Z"}
{"level":"info","message":"Inngest endpoint is available at http://localhost:3001/api/inngest","timestamp":"2025-08-04T07:56:03.515Z"}
{"level":"info","message":"Connected to MongoDB Atlas","timestamp":"2025-08-04T07:56:32.178Z"}
{"level":"info","message":"Server is running on http://localhost:3001","timestamp":"2025-08-04T07:56:32.182Z"}
{"level":"info","message":"Inngest endpoint is available at http://localhost:3001/api/inngest","timestamp":"2025-08-04T07:56:32.183Z"}
{"level":"info","message":"Connected to MongoDB Atlas","timestamp":"2025-08-04T07:56:41.716Z"}
{"level":"info","message":"Server is running on http://localhost:3001","timestamp":"2025-08-04T07:56:41.720Z"}
{"level":"info","message":"Inngest endpoint is available at http://localhost:3001/api/inngest","timestamp":"2025-08-04T07:56:41.721Z"}
{"level":"info","message":"Connected to MongoDB Atlas","timestamp":"2025-08-04T07:56:52.965Z"}
{"level":"info","message":"Server is running on http://localhost:3001","timestamp":"2025-08-04T07:56:52.970Z"}
{"level":"info","message":"Inngest endpoint is available at http://localhost:3001/api/inngest","timestamp":"2025-08-04T07:56:52.970Z"}
{"level":"info","message":"Connected to MongoDB Atlas","timestamp":"2025-08-04T07:57:05.569Z"}
{"level":"info","message":"Server is running on http://localhost:3001","timestamp":"2025-08-04T07:57:05.573Z"}
{"level":"info","message":"Inngest endpoint is available at http://localhost:3001/api/inngest","timestamp":"2025-08-04T07:57:05.574Z"}
{"level":"info","message":"Connected to MongoDB Atlas","timestamp":"2025-08-04T07:57:17.277Z"}
{"level":"info","message":"Server is running on http://localhost:3001","timestamp":"2025-08-04T07:57:17.281Z"}
{"level":"info","message":"Inngest endpoint is available at http://localhost:3001/api/inngest","timestamp":"2025-08-04T07:57:17.282Z"}
{"level":"info","message":"Connected to MongoDB Atlas","timestamp":"2025-08-04T07:57:34.823Z"}
{"level":"info","message":"Server is running on http://localhost:3001","timestamp":"2025-08-04T07:57:34.828Z"}
{"level":"info","message":"Inngest endpoint is available at http://localhost:3001/api/inngest","timestamp":"2025-08-04T07:57:34.828Z"}
{"level":"info","message":"Connected to MongoDB Atlas","timestamp":"2025-08-04T07:57:44.165Z"}
{"level":"info","message":"Server is running on http://localhost:3001","timestamp":"2025-08-04T07:57:44.169Z"}
{"level":"info","message":"Inngest endpoint is available at http://localhost:3001/api/inngest","timestamp":"2025-08-04T07:57:44.169Z"}
{"level":"info","message":"Connected to MongoDB Atlas","timestamp":"2025-08-04T07:57:51.129Z"}
{"level":"info","message":"Server is running on http://localhost:3001","timestamp":"2025-08-04T07:57:51.133Z"}
{"level":"info","message":"Inngest endpoint is available at http://localhost:3001/api/inngest","timestamp":"2025-08-04T07:57:51.133Z"}
{"level":"info","message":"Connected to MongoDB Atlas","timestamp":"2025-08-04T07:58:01.985Z"}
{"level":"info","message":"Server is running on http://localhost:3001","timestamp":"2025-08-04T07:58:01.989Z"}
{"level":"info","message":"Inngest endpoint is available at http://localhost:3001/api/inngest","timestamp":"2025-08-04T07:58:01.989Z"}
{"level":"info","message":"Connected to MongoDB Atlas","timestamp":"2025-08-04T07:58:09.968Z"}
{"level":"info","message":"Server is running on http://localhost:3001","timestamp":"2025-08-04T07:58:09.972Z"}
{"level":"info","message":"Inngest endpoint is available at http://localhost:3001/api/inngest","timestamp":"2025-08-04T07:58:09.972Z"}
{"level":"info","message":"Connected to MongoDB Atlas","timestamp":"2025-08-04T07:58:17.956Z"}
{"level":"info","message":"Server is running on http://localhost:3001","timestamp":"2025-08-04T07:58:17.960Z"}
{"level":"info","message":"Inngest endpoint is available at http://localhost:3001/api/inngest","timestamp":"2025-08-04T07:58:17.960Z"}
{"level":"info","message":"Connected to MongoDB Atlas","timestamp":"2025-08-04T07:58:21.335Z"}
{"level":"info","message":"Server is running on http://localhost:3001","timestamp":"2025-08-04T07:58:21.339Z"}
{"level":"info","message":"Inngest endpoint is available at http://localhost:3001/api/inngest","timestamp":"2025-08-04T07:58:21.340Z"}
{"level":"info","message":"Connected to MongoDB Atlas","timestamp":"2025-08-04T07:58:25.841Z"}
{"level":"info","message":"Server is running on http://localhost:3001","timestamp":"2025-08-04T07:58:25.845Z"}
{"level":"info","message":"Inngest endpoint is available at http://localhost:3001/api/inngest","timestamp":"2025-08-04T07:58:25.846Z"}
{"level":"info","message":"Connected to MongoDB Atlas","timestamp":"2025-08-04T07:58:42.540Z"}
{"level":"info","message":"Server is running on http://localhost:3001","timestamp":"2025-08-04T07:58:42.544Z"}
{"level":"info","message":"Inngest endpoint is available at http://localhost:3001/api/inngest","timestamp":"2025-08-04T07:58:42.545Z"}
{"level":"info","message":"Connected to MongoDB Atlas","timestamp":"2025-08-04T07:58:49.085Z"}
{"level":"info","message":"Server is running on http://localhost:3001","timestamp":"2025-08-04T07:58:49.090Z"}
{"level":"info","message":"Inngest endpoint is available at http://localhost:3001/api/inngest","timestamp":"2025-08-04T07:58:49.091Z"}
{"level":"info","message":"Connected to MongoDB Atlas","timestamp":"2025-08-04T07:58:57.277Z"}
{"level":"info","message":"Server is running on http://localhost:3001","timestamp":"2025-08-04T07:58:57.281Z"}
{"level":"info","message":"Inngest endpoint is available at http://localhost:3001/api/inngest","timestamp":"2025-08-04T07:58:57.282Z"}
{"level":"info","message":"Connected to MongoDB Atlas","timestamp":"2025-08-04T07:59:01.277Z"}
{"level":"info","message":"Server is running on http://localhost:3001","timestamp":"2025-08-04T07:59:01.282Z"}
{"level":"info","message":"Inngest endpoint is available at http://localhost:3001/api/inngest","timestamp":"2025-08-04T07:59:01.282Z"}
{"level":"info","message":"Connected to MongoDB Atlas","timestamp":"2025-08-04T07:59:12.220Z"}
{"level":"info","message":"Server is running on http://localhost:3001","timestamp":"2025-08-04T07:59:12.225Z"}
{"level":"info","message":"Inngest endpoint is available at http://localhost:3001/api/inngest","timestamp":"2025-08-04T07:59:12.226Z"}
{"level":"info","message":"Connected to MongoDB Atlas","timestamp":"2025-08-04T07:59:43.657Z"}
{"level":"info","message":"Server is running on http://localhost:3001","timestamp":"2025-08-04T07:59:43.662Z"}
{"level":"info","message":"Inngest endpoint is available at http://localhost:3001/api/inngest","timestamp":"2025-08-04T07:59:43.663Z"}
{"level":"info","message":"Connected to MongoDB Atlas","timestamp":"2025-08-04T07:59:55.592Z"}
{"level":"info","message":"Server is running on http://localhost:3001","timestamp":"2025-08-04T07:59:55.596Z"}
{"level":"info","message":"Inngest endpoint is available at http://localhost:3001/api/inngest","timestamp":"2025-08-04T07:59:55.597Z"}
{"level":"info","message":"Connected to MongoDB Atlas","timestamp":"2025-08-04T08:00:07.216Z"}
{"level":"info","message":"Server is running on http://localhost:3001","timestamp":"2025-08-04T08:00:07.220Z"}
{"level":"info","message":"Inngest endpoint is available at http://localhost:3001/api/inngest","timestamp":"2025-08-04T08:00:07.221Z"}
{"level":"info","message":"Connected to MongoDB Atlas","timestamp":"2025-08-04T08:00:12.951Z"}
{"level":"info","message":"Server is running on http://localhost:3001","timestamp":"2025-08-04T08:00:12.955Z"}
{"level":"info","message":"Inngest endpoint is available at http://localhost:3001/api/inngest","timestamp":"2025-08-04T08:00:12.955Z"}
{"level":"info","message":"Connected to MongoDB Atlas","timestamp":"2025-08-04T08:00:16.727Z"}
{"level":"info","message":"Server is running on http://localhost:3001","timestamp":"2025-08-04T08:00:16.731Z"}
{"level":"info","message":"Inngest endpoint is available at http://localhost:3001/api/inngest","timestamp":"2025-08-04T08:00:16.732Z"}
{"level":"info","message":"Connected to MongoDB Atlas","timestamp":"2025-08-04T08:00:20.733Z"}
{"level":"info","message":"Server is running on http://localhost:3001","timestamp":"2025-08-04T08:00:20.739Z"}
{"level":"info","message":"Inngest endpoint is available at http://localhost:3001/api/inngest","timestamp":"2025-08-04T08:00:20.740Z"}
{"level":"info","message":"Connected to MongoDB Atlas","timestamp":"2025-08-04T08:01:07.024Z"}
{"level":"info","message":"Server is running on http://localhost:3001","timestamp":"2025-08-04T08:01:07.028Z"}
{"level":"info","message":"Inngest endpoint is available at http://localhost:3001/api/inngest","timestamp":"2025-08-04T08:01:07.029Z"}
{"level":"info","message":"Connected to MongoDB Atlas","timestamp":"2025-08-04T08:01:38.276Z"}
{"level":"info","message":"Server is running on http://localhost:3001","timestamp":"2025-08-04T08:01:38.280Z"}
{"level":"info","message":"Inngest endpoint is available at http://localhost:3001/api/inngest","timestamp":"2025-08-04T08:01:38.281Z"}
{"level":"info","message":"Connected to MongoDB Atlas","timestamp":"2025-08-04T08:01:57.503Z"}
{"level":"info","message":"Server is running on http://localhost:3001","timestamp":"2025-08-04T08:01:57.509Z"}
{"level":"info","message":"Inngest endpoint is available at http://localhost:3001/api/inngest","timestamp":"2025-08-04T08:01:57.512Z"}
{"level":"info","message":"Connected to MongoDB Atlas","timestamp":"2025-08-04T08:02:27.399Z"}
{"level":"info","message":"Server is running on http://localhost:3001","timestamp":"2025-08-04T08:02:27.404Z"}
{"level":"info","message":"Inngest endpoint is available at http://localhost:3001/api/inngest","timestamp":"2025-08-04T08:02:27.404Z"}
